Build started 9/4/2015 6:57:08 PM.
     1>Project "D:\Stuff\Programming\Sofware Learning\Compilers\3\SLRParser\SLRParser\SLRParser.vcxproj" on node 2 (Build target(s)).
     1>ClCompile:
         C:\Program Files (x86)\Microsoft Visual Studio 11.0\VC\bin\CL.exe /c /I"D:\Stuff\Programming\Sofware Learning\Compilers\3\SLRParser\SLRParser" /ZI /nologo /W3 /WX- /sdl /Od /Oy- /D WIN32 /D _DEBUG /D _CONSOLE /D _UNICODE /D UNICODE /Gm /EHsc /RTC1 /MDd /GS /fp:precise /Zc:wchar_t /Zc:forScope /Fo"Debug\\" /Fd"Debug\vc110.pdb" /Gd /TP /analyze- /errorReport:prompt First.cpp Follow.cpp
         Follow.cpp
         First.cpp
         Generating Code...
       Link:
         C:\Program Files (x86)\Microsoft Visual Studio 11.0\VC\bin\link.exe /ERRORREPORT:PROMPT /OUT:"D:\Stuff\Programming\Sofware Learning\Compilers\3\SLRParser\Debug\SLRParser.exe" /INCREMENTAL /NOLOGO kernel32.lib user32.lib gdi32.lib winspool.lib comdlg32.lib advapi32.lib shell32.lib ole32.lib oleaut32.lib uuid.lib odbc32.lib odbccp32.lib /MANIFEST /MANIFESTUAC:"level='asInvoker' uiAccess='false'" /manifest:embed /DEBUG /PDB:"D:\Stuff\Programming\Sofware Learning\Compilers\3\SLRParser\Debug\SLRParser.pdb" /SUBSYSTEM:CONSOLE /TLBID:1 /DYNAMICBASE /NXCOMPAT /IMPLIB:"D:\Stuff\Programming\Sofware Learning\Compilers\3\SLRParser\Debug\SLRParser.lib" /MACHINE:X86 Debug\Automaton.obj
         Debug\Closure.obj
         Debug\Create_object.obj
         Debug\First.obj
         Debug\Follow.obj
         Debug\Grammar.obj
         Debug\LinkedList.obj
         Debug\ParseTable.obj
         Debug\ParseTree.obj
         Debug\SLRParser.obj
         Debug\SLRParser_Example.obj
         Debug\Stack.obj
         SLRParser.vcxproj -> D:\Stuff\Programming\Sofware Learning\Compilers\3\SLRParser\Debug\SLRParser.exe
     1>Done Building Project "D:\Stuff\Programming\Sofware Learning\Compilers\3\SLRParser\SLRParser\SLRParser.vcxproj" (Build target(s)).

Build succeeded.

Time Elapsed 00:00:04.13
